======= USING DEVICE :  cuda  =======
/cluster/home/wueestm/anaconda3/envs/f3loc/lib/python3.8/site-packages/torchvision/models/_utils.py:208: UserWarning: The parameter 'pretrained' is deprecated since 0.13 and may be removed in the future, please use 'weights' instead.
  warnings.warn(
/cluster/home/wueestm/anaconda3/envs/f3loc/lib/python3.8/site-packages/torchvision/models/_utils.py:223: UserWarning: Arguments other than a weight enum or `None` for 'weights' are deprecated since 0.13 and may be removed in the future. The current behavior is equivalent to passing `weights=ResNet50_Weights.IMAGENET1K_V1`. You can also use `weights=ResNet50_Weights.DEFAULT` to get the most up-to-date weights.
  warnings.warn(msg)
load desdf ...
Affine transformation matrix:
 [[ 2.17114437e-01  1.82770027e+01  1.33427459e+03]
 [ 1.83530911e+01 -1.73803654e-01  7.28138788e+02]]
Destination points:
 [[1516.   490.5]
 [1532.  2162. ]
 [ 350.  1515. ]
 [ 391.   135. ]]
Transformed points:
 [[1516.19150279  495.13390132]
 [1531.81872801 2157.6136592 ]
 [ 350.21402267 1520.17882748]
 [ 390.77574653  129.57361201]]
pixel_per_meter: 18.315046895211022
load poses and maps ...
  0%|          | 0/3 [00:00<?, ?it/s] 67%|██████▋   | 2/3 [00:00<00:00, 17.37it/s]100%|██████████| 3/3 [00:00<00:00, 17.53it/s]
Length Test Set:  11
length of test_set:  11
  0%|          | 0/11 [00:00<?, ?it/s]Before loading data
xFormers not available
xFormers not available
xFormers not available
xFormers not available
Depth image  0  done.
Depth image  1  done.
Depth image  2  done.
Depth image  3  done.
Depth image  4  done.
Depth image  5  done.
Depth image  6  done.
Depth image  7  done.
Depth image  8  done.
Depth image  9  done.
Depth image  10  done.
Depth image  11  done.
Depth image  12  done.
Depth image  13  done.
Depth image  14  done.
Depth image  15  done.
Depth image  16  done.
Depth image  17  done.
Depth image  18  done.
Depth image  19  done.
Depth image  20  done.
Depth image  21  done.
Depth image  22  done.
Depth image  23  done.
Depth image  24  done.
Depth image  25  done.
Depth image  26  done.
Depth image  27  done.
Depth image  28  done.
Depth image  29  done.
Depth image  30  done.
Depth image  31  done.
Depth image  32  done.
Depth image  33  done.
Depth image  34  done.
Depth image  35  done.
Depth image  36  done.
Depth image  37  done.
Depth image  38  done.
Depth image  39  done.
Depth image  40  done.
Depth image  41  done.
Depth image  42  done.
Depth image  43  done.
Depth image  44  done.
Depth image  45  done.
Depth image  46  done.
Depth image  47  done.
Depth image  48  done.
Depth image  49  done.
Depth image  50  done.
Depth image  51  done.
Depth image  52  done.
Depth image  53  done.
Depth image  54  done.
Depth image  55  done.
Depth image  56  done.
Depth image  57  done.
Depth image  58  done.
Depth image  59  done.
Depth image  60  done.
Depth image  61  done.
Depth image  62  done.
Depth image  63  done.
Depth image  64  done.
Depth image  65  done.
Depth image  66  done.
Depth image  67  done.
Depth image  68  done.
Depth image  69  done.
Depth image  70  done.
Depth image  71  done.
Depth image  72  done.
Depth image  73  done.
Depth image  74  done.
Depth image  75  done.
Depth image  76  done.
Depth image  77  done.
Depth image  78  done.
Depth image  79  done.
Depth image  80  done.
Depth image  81  done.
Depth image  82  done.
Depth image  83  done.
Depth image  84  done.
Depth image  85  done.
Depth image  86  done.
Depth image  87  done.
